============================= test session starts =============================
platform win32 -- Python 3.11.9, pytest-9.0.2, pluggy-1.6.0 -- C:\Users\rkreza\AppData\Local\Programs\Python\Python311\python.exe
cachedir: .pytest_cache
hypothesis profile 'default'
rootdir: C:\xampp\htdocs\trading_bot_v3
plugins: anyio-4.12.1, hypothesis-6.151.10, langsmith-0.7.14, typeguard-2.13.3
collecting ... collected 37 items

tests/test_backtest.py::TestBacktestDeterminism::test_deterministic_with_fixed_seed FAILED [  2%]
tests/test_backtest.py::TestLiveBacktestParity::test_same_signal_for_same_data PASSED [  5%]
tests/test_backtest.py::TestDrawdown::test_no_trades_zero_drawdown FAILED [  8%]
tests/test_backtest.py::TestDrawdown::test_simple_drawdown FAILED        [ 10%]
tests/test_backtest.py::TestDrawdown::test_no_drawdown_when_only_winning FAILED [ 13%]
tests/test_backtest.py::TestStreak::test_no_trades_zero_streak FAILED    [ 16%]
tests/test_backtest.py::TestStreak::test_win_streak FAILED               [ 18%]
tests/test_backtest.py::TestStreak::test_loss_streak FAILED              [ 21%]
tests/test_backtest.py::TestConfigLotSizes::test_lot_comes_from_config PASSED [ 24%]
tests/test_connection.py::test_connect_success FAILED                    [ 27%]
tests/test_connection.py::test_connect_failure_retries PASSED            [ 29%]
tests/test_connection.py::test_position_manager_has_open_position FAILED [ 32%]
tests/test_connection.py::test_place_order_retries_on_busy FAILED        [ 35%]
tests/test_data_fetcher.py::test_cache_miss_fetches_from_mt5 PASSED      [ 37%]
tests/test_data_fetcher.py::test_cache_hit_returns_cached_array PASSED   [ 40%]
tests/test_data_fetcher.py::test_incremental_fetch_merges_data PASSED    [ 43%]
tests/test_lot_sizing.py::test_lot_size_calculation PASSED               [ 45%]
tests/test_lot_sizing.py::test_lot_clamped_to_min PASSED                 [ 48%]
tests/test_lot_sizing.py::test_lot_clamped_to_max PASSED                 [ 51%]
tests/test_lot_sizing.py::test_zero_risk_returns_min PASSED              [ 54%]
tests/test_order_logic.py::test_order_cooldown_logic FAILED              [ 56%]
tests/test_regime.py::test_regime_classification_trending PASSED         [ 59%]
tests/test_regime.py::test_regime_classification_low_liquidity PASSED    [ 62%]
tests/test_regime.py::test_regime_classification_ranging PASSED          [ 64%]
tests/test_risk_manager.py::TestRiskManagerProperties::test_risk_never_exceeds_max PASSED [ 67%]
tests/test_risk_manager.py::TestRiskManagerProperties::test_risk_zero_at_max_drawdown PASSED [ 70%]
tests/test_risk_manager.py::test_circuit_breaker_consecutive_losses PASSED [ 72%]
tests/test_risk_manager.py::test_circuit_breaker_low_margin PASSED       [ 75%]
tests/test_risk_manager.py::test_kelly_zero_on_losing_streak PASSED      [ 78%]
tests/test_strategy.py::TestIndicators::test_ema_series_length PASSED    [ 81%]
tests/test_strategy.py::TestIndicators::test_ema_trending_up PASSED      [ 83%]
tests/test_strategy.py::TestIndicators::test_atr_calculation PASSED      [ 86%]
tests/test_strategy.py::TestMarketRegime::test_trending_regime PASSED    [ 89%]
tests/test_strategy.py::TestMarketRegime::test_ranging_regime PASSED     [ 91%]
tests/test_strategy.py::TestStrategyLogic::test_analyze_uptrend_signal PASSED [ 94%]
tests/test_strategy.py::TestStrategyLogic::test_session_filter_skips_untradeable PASSED [ 97%]
tests/test_strategy.py::TestConfluence::test_confluence_logic PASSED     [100%]

================================== FAILURES ===================================
_________ TestBacktestDeterminism.test_deterministic_with_fixed_seed __________

self = <test_backtest.TestBacktestDeterminism object at 0x000001F33C1E40D0>
engine = <core.backtester.BacktestEngine object at 0x000001F33C591910>

    def test_deterministic_with_fixed_seed(self, engine):
        from core.types import CandleArray
        import numpy as np
        import random
        from datetime import datetime
    
        # Create fake synthetic data
        base_time = int(datetime(2023, 1, 1).timestamp())
        fake_data = []
        random.seed(42)
        np.random.seed(42)
        price = 100.0
        for i in range(500):
            price += random.uniform(-1, 1)
            fake_data.append({
                "time": base_time + i * 3600,
                "open": price,
                "high": price + 0.5,
                "low": price - 0.5,
                "close": price,
                "tick_volume": 100
            })
    
        c_arr = CandleArray.from_dicts(fake_data)
    
        engine.strategy.silent = True
    
        # Run 1
        random.seed(42)
        np.random.seed(42)
>       result1 = engine.run("XAUUSDm", c_arr, c_arr, c_arr, c_arr, c_arr, quiet=True)
                  ^^^^^^^^^^^^^^^^^^^^^^^^^^^^^^^^^^^^^^^^^^^^^^^^^^^^^^^^^^^^^^^^^^^^

tests\test_backtest.py:72: 
_ _ _ _ _ _ _ _ _ _ _ _ _ _ _ _ _ _ _ _ _ _ _ _ _ _ _ _ _ _ _ _ _ _ _ _ _ _ _ _

self = <core.backtester.BacktestEngine object at 0x000001F33C591910>
symbol = 'XAUUSDm'
h4_candles = CandleArray(time=array([1672509600, 1672513200, 1672516800, 1672520400, 1672524000,
       1672527600, 1672531200, 167...00, 100,
       100, 100, 100, 100, 100, 100, 100, 100, 100, 100, 100, 100, 100,
       100, 100, 100, 100, 100, 100]))
h1_candles = CandleArray(time=array([1672509600, 1672513200, 1672516800, 1672520400, 1672524000,
       1672527600, 1672531200, 167...00, 100,
       100, 100, 100, 100, 100, 100, 100, 100, 100, 100, 100, 100, 100,
       100, 100, 100, 100, 100, 100]))
m30_candles = CandleArray(time=array([1672509600, 1672513200, 1672516800, 1672520400, 1672524000,
       1672527600, 1672531200, 167...00, 100,
       100, 100, 100, 100, 100, 100, 100, 100, 100, 100, 100, 100, 100,
       100, 100, 100, 100, 100, 100]))
m5_candles = CandleArray(time=array([1672509600, 1672513200, 1672516800, 1672520400, 1672524000,
       1672527600, 1672531200, 167...00, 100,
       100, 100, 100, 100, 100, 100, 100, 100, 100, 100, 100, 100, 100,
       100, 100, 100, 100, 100, 100]))
d1_candles = CandleArray(time=array([1672509600, 1672513200, 1672516800, 1672520400, 1672524000,
       1672527600, 1672531200, 167...00, 100,
       100, 100, 100, 100, 100, 100, 100, 100, 100, 100, 100, 100, 100,
       100, 100, 100, 100, 100, 100]))
ticks = None, quiet = True, tick_entry = False

    def run(self, symbol: str, h4_candles: List[dict], h1_candles: List[dict], m30_candles: List[dict],
            m5_candles: List[dict], d1_candles: List[dict], ticks: Optional[List[dict]] = None,
            quiet: bool = False, tick_entry: bool = False):
        """
        Main simulation loop.
        :param tick_entry: If True, enters trades within the same candle a signal is generated (Realistic Breakout).
        """
    
        # --- FIX 1: Silence background modules so they don't break the progress bar ---
        self.strategy.silent = True
        self.risk_manager.silent = True
        if self.ai_filter: self.ai_filter.silent = True
        self.notification_manager.enabled = False # Prevent Telegram spam/logs during BT
    
        # Reset balance for each run (prevents cross-run contamination)
        self.balance = self.initial_balance
    
        symbol_cfg = self.config.get("symbols_config", {}).get(symbol, {})
        point = symbol_cfg.get("point", 0.01)
        contract_size = symbol_cfg.get("contract_size", 100)
        lot_step = symbol_cfg.get("lot_step", 0.01)
        min_lot = symbol_cfg.get("min_lot", 0.01)
    
        trades = []
        session_stats = {} # session -> {trades, wins, pnl}
        utc_offset = self.config.get("strategy_defaults", {}).get("utc_offset_hours", 0)
        open_trade: Optional[_OpenTrade] = None
    
        logger.debug("BacktestEngine.run started for %s. M5 candles: %d", symbol, len(m5_candles))
        if not m5_candles:
            return {"net_profit": 0, "trades": [], "sharpe_ratio": 0, "profit_factor": 0}
    
        m5_closes = np.array([c['close'] for c in m5_candles])
    
        m5_returns = np.zeros_like(m5_closes)
        if len(m5_closes) > 1:
            m5_returns[1:] = np.diff(np.log(m5_closes))
    
        # Performance: Pre-calculate ATR series
        m5_highs = np.array([c['high'] for c in m5_candles])
        m5_lows = np.array([c['low'] for c in m5_candles])
        m5_tr = np.zeros_like(m5_closes)
        if len(m5_closes) > 1:
            m5_tr[1:] = np.maximum(m5_highs[1:] - m5_lows[1:],
                            np.maximum(np.abs(m5_highs[1:] - m5_closes[:-1]),
                                       np.abs(m5_lows[1:] - m5_closes[:-1])))
        m5_atr_series = np.zeros_like(m5_closes)
        if len(m5_tr) > 14:
            m5_atr_series[14] = np.mean(m5_tr[1:15])
            for x in range(15, len(m5_tr)):
                m5_atr_series[x] = (m5_atr_series[x-1] * 13 + m5_tr[x]) / 14
        else:
            m5_atr_series[:] = 0.1
    
        h4_times = [datetime.fromtimestamp(c['time'], tz=timezone.utc) for c in h4_candles]
        h1_times = [datetime.fromtimestamp(c['time'], tz=timezone.utc) for c in h1_candles]
        m30_times = [datetime.fromtimestamp(c['time'], tz=timezone.utc) for c in m30_candles]
        m5_times = [datetime.fromtimestamp(c['time'], tz=timezone.utc) for c in m5_candles]
        logger.debug("All times extracted.")
    
        # --- Optimization: Convert ticks to structured Numpy array ---
        tick_times = None
        tick_arr = None
        if ticks:
            # Using structured arrays for memory efficiency and vectorized access
            tick_dtype = [('time', 'i8'), ('bid', 'f8'), ('ask', 'f8')]
            tick_arr = np.array([(t['time'], t['bid'], t['ask']) for t in ticks], dtype=tick_dtype)
            tick_times = tick_arr['time']
            logger.info("[Backtest] Processed %d ticks into structured Numpy array.", len(ticks))
    
        # --- Optimization: Pre-calculate all Strategy/Regime Data (Vectorized) ---
        pre_ctx = self.strategy.preprocess_history(h4_candles, h1_candles, m30_candles, m5_candles)
        m5_precomputed = pre_ctx["m5"]
    
        pending_signal = None  # Next-candle entry: stores signal for delayed execution
    
    
        # Use standard tqdm with custom configuration for better visibility
        with tqdm(range(200, len(m5_candles)), desc=f"BT:{symbol}", unit="c",
                  dynamic_ncols=True, leave=True, colour="cyan") as pbar:
            for i in pbar:
                current_candle = m5_candles[i]
                candle_time = m5_times[i]
    
                # --- Gap Risk: Weekend/Holiday Detection ---
                if open_trade and i > 200:
                    time_gap = m5_candles[i]['time'] - m5_candles[i-1]['time']
                    if time_gap > 7200:  # 2+ hour gap (weekend/holiday)
                        gap_open = current_candle['open']
                        gap_atr = m5_atr_series[i-1]
                        gap_slippage = gap_atr * 0.3  # Worse fill across gaps
                        if open_trade.signal.direction == "BUY":
                            exit_price = gap_open - gap_slippage
                        else:
                            exit_price = gap_open + gap_slippage
                        pnl = (exit_price - open_trade.entry_price) * (1 if open_trade.signal.direction == "BUY" else -1) * contract_size * open_trade.lot
                        comm_exit = self._get_commission(symbol, open_trade.lot) * 0.5
                        final_pnl = pnl - comm_exit
                        self.strategy.report_trade_result("SL", candle_time, session=open_trade.session)
                        entry_dt = open_trade.entry_time if isinstance(open_trade.entry_time, datetime) else datetime.fromtimestamp(open_trade.entry_time, tz=timezone.utc)
                        exit_dt = candle_time if isinstance(candle_time, datetime) else datetime.fromtimestamp(candle_time, tz=timezone.utc)
                        trade_record = {
                            "time": entry_dt, "exit_time": exit_dt,
                            "direction": open_trade.signal.direction,
                            "entry": round(float(open_trade.entry_price), 5),
                            "exit": round(float(exit_price), 5),
                            "lot": open_trade.lot, "pnl": round(float(final_pnl), 2),
                            "commission": round(float(comm_exit), 2), "result": "GAP",
                            "regime": open_trade.regime,
                            "ai_score": round(float(open_trade.ai_score), 4),
                            "spread": 0, "slippage": round(float(gap_slippage / point), 2),
                            "session": open_trade.session
                        }
                        trades.append(trade_record)
                        s_name = open_trade.session
                        if s_name not in session_stats:
                            session_stats[s_name] = {"count": 0, "wins": 0, "pnl": 0.0}
                        session_stats[s_name]["count"] += 1
                        if final_pnl > 0: session_stats[s_name]["wins"] += 1
                        session_stats[s_name]["pnl"] += final_pnl
                        self.balance += final_pnl
                        self.risk_manager.update_history(trade_record)
                        # pbar.write(f"[{exit_dt}] GAP CLOSE {open_trade.signal.direction} | P&L: ${final_pnl:>8.2f}")
                        open_trade = None
                        pending_signal = None
                        continue
    
                # --- Execute Pending Signal at this candle's OPEN (next-candle mode) ---
                if not open_trade and pending_signal is not None and not tick_entry:
                    ps = pending_signal
                    pending_signal = None
    
                    open_trade = self._handle_entry(
                        symbol, ps["signal"], current_candle, candle_time,
                        point, contract_size, ps["session"], ps["regime"],
                        ps["ai_score"], m5_avg_atr[i-1], m5_atr_series[i-1]
                    )
                    self.notification_manager.notify_trade_open(symbol, open_trade.signal.direction, open_trade.entry_price, open_trade.lot, open_trade.sl, open_trade.tp)
    
                if open_trade:
                    if not hasattr(open_trade, 'comm_entry_paid') or not open_trade.comm_entry_paid:
                        comm_entry = self._get_commission(symbol, open_trade.lot) * 0.5
                        self.balance -= comm_entry
                        open_trade.comm_entry_paid = True
                        open_trade.comm_entry_amount = comm_entry
                        open_trade.total_commission_paid += comm_entry
    
                    # Fix Look-ahead Bias: use ATR from [i-1] for decisions at start of candle i
                    current_atr = m5_atr_series[i-1]
                    avg_atr_here = m5_avg_atr[i-1]
                    spread_val = self._get_spread(symbol, current_atr, avg_atr_here, point, open_trade.session) * point
    
                    bid_h, bid_l, bid_c = current_candle['high'], current_candle['low'], current_candle['close']
                    ask_h, ask_l, ask_c = bid_h + spread_val, bid_l + spread_val, bid_c + spread_val
    
                    # --- Exit Evaluation (Tick-Level if available) ---
                    closed = False
                    exit_price = 0
                    result_type = ""
    
                    # Optimized Tick-Level Slicing
                    candle_ticks = None
                    if tick_arr is not None:
                        start_time = current_candle['time']
                        next_candle_time = m5_candles[i+1]['time'] if i+1 < len(m5_candles) else float('inf')
    
                        start_idx = np.searchsorted(tick_times, start_time, side='left')
                        end_idx = np.searchsorted(tick_times, next_candle_time, side='left')
    
                        if start_idx < end_idx:
                            candle_ticks = tick_arr[start_idx:end_idx]
    
                    if candle_ticks is not None:
                        # Vectorized Exit Check
                        bids = candle_ticks['bid']
                        asks = candle_ticks['ask']
    
                        if open_trade.signal.direction == "BUY":
                            sl_hits = bids <= open_trade.sl
                            tp_hits = bids >= open_trade.tp
                            if np.any(sl_hits | tp_hits):
                                # Find first event
                                idx_sl = np.where(sl_hits)[0][0] if np.any(sl_hits) else len(bids)
                                idx_tp = np.where(tp_hits)[0][0] if np.any(tp_hits) else len(bids)
                                if idx_sl < idx_tp:
                                    exit_price, result_type, closed = open_trade.sl, "SL", True
                                else:
                                    exit_price, result_type, closed = open_trade.tp, "TP", True
                        else: # SELL
                            sl_hits = asks >= open_trade.sl
                            tp_hits = asks <= open_trade.tp
                            if np.any(sl_hits | tp_hits):
                                idx_sl = np.where(sl_hits)[0][0] if np.any(sl_hits) else len(asks)
                                idx_tp = np.where(tp_hits)[0][0] if np.any(tp_hits) else len(asks)
                                if idx_sl < idx_tp:
                                    exit_price, result_type, closed = open_trade.sl, "SL", True
                                else:
                                    exit_price, result_type, closed = open_trade.tp, "TP", True
                    else:
                        # Fallback to Candle-Level (OHLC) with spread adjustment
                        bid_h, bid_l = current_candle['high'], current_candle['low']
                        ask_h, ask_l = bid_h + spread_val, bid_l + spread_val
    
                        if open_trade.signal.direction == "BUY":
                            if bid_l <= open_trade.sl:
                                exit_price, result_type, closed = open_trade.sl, "SL", True
                            elif bid_h >= open_trade.tp:
                                exit_price, result_type, closed = open_trade.tp, "TP", True
                        else:
                            if ask_h >= open_trade.sl:
                                exit_price, result_type, closed = open_trade.sl, "SL", True
                            elif ask_l <= open_trade.tp:
                                exit_price, result_type, closed = open_trade.tp, "TP", True
    
                        # --- Advanced Partial Profit Taking (PPT) ---
                        # Only run if enabled in strategy_defaults and trade is not closed
                        if not closed and self.config.get("strategy_defaults", {}).get("partial_profit_enabled", True):
                            ppt_cfg = self.config.get("strategy_defaults", {}).get("partial_profit_config", {"level1_pct": 0.25, "level2_pct": 0.33})
                            level1_pct = ppt_cfg.get("level1_pct", 0.25)
                            level2_pct = ppt_cfg.get("level2_pct", 0.33)
    
                            if open_trade.signal.direction == "BUY":
                                # Level 1
                                if open_trade.partial_closed_count == 0 and bid_h >= open_trade.tp_partial_1:
                                    success, pnl, comm = self._handle_partial_tp(open_trade, level1_pct, open_trade.tp_partial_1, symbol, contract_size, lot_step, min_lot)
                                    open_trade.partial_closed_count = 1
    
                                # Level 2
                                elif open_trade.partial_closed_count == 1 and bid_h >= open_trade.tp_partial_2:
                                    success, pnl, comm = self._handle_partial_tp(open_trade, level2_pct, open_trade.tp_partial_2, symbol, contract_size, lot_step, min_lot)
                                    open_trade.partial_closed_count = 2
    
                            else: # SELL
                                # Level 1
                                if open_trade.partial_closed_count == 0 and ask_l <= open_trade.tp_partial_1:
                                    success, pnl, comm = self._handle_partial_tp(open_trade, level1_pct, open_trade.tp_partial_1, symbol, contract_size, lot_step, min_lot)
                                    open_trade.partial_closed_count = 1
    
                                # Level 2
                                elif open_trade.partial_closed_count == 1 and ask_l <= open_trade.tp_partial_2:
                                    success, pnl, comm = self._handle_partial_tp(open_trade, level2_pct, open_trade.tp_partial_2, symbol, contract_size, lot_step, min_lot)
                                    open_trade.partial_closed_count = 2
    
                        if not closed:
                            # Save SL before MFE/trail updates for intra-candle bias check
                            sl_before_trail = open_trade.sl
    
                            # MFE Tracking
                            if open_trade.signal.direction == "BUY":
                                if bid_h > open_trade.best_price:
                                    open_trade.best_price = bid_h
                            else:
                                if ask_l < open_trade.best_price:
                                    open_trade.best_price = ask_l
    
                            # --- Optimized MFE Trailing ---
                            ts_cfg = self.config.get("trailing_stop", {})
                            if ts_cfg.get("enabled", True):
                                # 1. Base Trail: 50% give-back
                                give_back_pct = ts_cfg.get("mfe_trail_base", 0.5)
    
                                # 2. Volatility Adjustment
                                # If current ATR is much higher than average, widen trail (give more back)
                                if i > 20:
                                    prev_atr_slice = m5_atr_series[i-21:i-1]
                                    if len(prev_atr_slice) > 0:
                                        avg_atr = np.mean(prev_atr_slice)
                                        if avg_atr > 0:
                                            atr_ratio = m5_atr_series[i-1] / avg_atr
                                            if atr_ratio > 1.3: give_back_pct += 0.2
                                            elif atr_ratio < 0.7: give_back_pct -= 0.1
    
                                # 3. Profit-Dependent (Tighten as profit increases)
                                excursion = (open_trade.best_price - open_trade.entry_price) if open_trade.signal.direction == "BUY" else (open_trade.entry_price - open_trade.best_price)
                                risk = abs(open_trade.entry_price - open_trade.signal.stop_loss)
                                if risk > 0:
                                    rr_reached = excursion / risk
                                    if rr_reached >= 3.0:
                                        give_back_pct = 0.3 # Tighten to 30% give-back
                                    elif rr_reached >= 2.0:
                                        give_back_pct = 0.4
    
                                # 4. Time-Based (Tighten after many candles)
                                candles_in_trade = i - bisect.bisect_left(m5_times, open_trade.entry_time)
                                if candles_in_trade > 100: # ~8 hours on M5
                                    give_back_pct = min(give_back_pct, 0.4)
    
                                give_back_pct = max(0.1, min(give_back_pct, 0.9))
    
                                # 5. Apply Trail
                                if open_trade.signal.direction == "BUY":
                                    new_sl = open_trade.best_price - (excursion * give_back_pct)
                                    if new_sl > open_trade.sl:
                                        open_trade.sl = new_sl
                                else:
                                    new_sl = open_trade.best_price + (excursion * give_back_pct)
                                    if new_sl < open_trade.sl:
                                        open_trade.sl = new_sl
    
                                # 6. CRITICAL: Intra-candle look-ahead bias protection
                                # The candle's HIGH updated MFE and moved SL tighter, but the LOW
                                # might have come FIRST. If the candle's adverse extremum violated
                                # the ORIGINAL SL (before trail), we must assume worst case: SL hit first.
                                if not closed:
                                    if open_trade.signal.direction == "BUY" and bid_l <= sl_before_trail and open_trade.sl != sl_before_trail:
                                        # Candle low hit original SL AND trail moved SL ù ambiguous, assume SL hit
                                        exit_price = sl_before_trail
                                        result_type = "SL"
                                        closed = True
                                        open_trade.sl = sl_before_trail  # Restore for accurate record
                                    elif open_trade.signal.direction == "SELL" and ask_h >= sl_before_trail and open_trade.sl != sl_before_trail:
                                        exit_price = sl_before_trail
                                        result_type = "SL"
                                        closed = True
                                        open_trade.sl = sl_before_trail
                                    # Also check if candle violated the NEW tighter SL
                                    elif open_trade.signal.direction == "BUY" and bid_l <= open_trade.sl:
                                        exit_price = open_trade.sl
                                        result_type = "SL"
                                        closed = True
                                    elif open_trade.signal.direction == "SELL" and ask_h >= open_trade.sl:
                                        exit_price = open_trade.sl
                                        result_type = "SL"
                                        closed = True
    
                    if closed:
                        # Add trailing stop slippage penalty if not using ticks
                        if result_type == "SL" and not candle_ticks:
                            # if SL was moved (trailing), add extra slippage
                            if open_trade.sl != open_trade.signal.stop_loss:
                                ts_slippage = random.uniform(0.0, 0.3) * point
                                exit_price = exit_price - ts_slippage if open_trade.signal.direction == "BUY" else exit_price + ts_slippage
    
                        exit_slippage = self._get_slippage(symbol, current_atr, avg_atr_here, point)
                        final_exit = exit_price - exit_slippage if open_trade.signal.direction == "BUY" else exit_price + exit_slippage
    
                        # Notify strategy with session context
                        self.strategy.report_trade_result(result_type, candle_time, session=open_trade.session)
    
                        pnl = (final_exit - open_trade.entry_price) * (1 if open_trade.signal.direction == "BUY" else -1) * contract_size * open_trade.lot
                        # Exit commission (remaining 50% of round-turn for the current lot)
                        comm_exit = self._get_commission(symbol, open_trade.lot) * 0.5
                        open_trade.total_commission_paid += comm_exit
    
                        final_pnl = pnl - comm_exit
                        total_comm = round(open_trade.total_commission_paid, 2)
    
                        # Ensure datetime objects for pandas/metrics
                        entry_dt = open_trade.entry_time if isinstance(open_trade.entry_time, datetime) else datetime.fromtimestamp(open_trade.entry_time, tz=timezone.utc)
                        exit_dt = candle_time if isinstance(candle_time, datetime) else datetime.fromtimestamp(candle_time, tz=timezone.utc)
    
                        trade_record = {
                            "time": entry_dt,
                            "exit_time": exit_dt,
                            "direction": open_trade.signal.direction,
                            "entry": round(float(open_trade.entry_price), 5),
                            "exit": round(float(final_exit), 5),
                            "lot": open_trade.lot,
                            "pnl": round(float(final_pnl), 2),
                            "commission": round(float(total_comm), 2),
                            "result": result_type,
                            "regime": open_trade.regime,
                            "ai_score": round(float(open_trade.ai_score), 4),
                            "spread": round(float(spread_val / point), 2),
                            "slippage": round(float(open_trade.slippage / point), 2),
                            "session": open_trade.session
                        }
                        trades.append(trade_record)
    
                        # Update session stats
                        s_name = open_trade.session
                        if s_name not in session_stats:
                            session_stats[s_name] = {"count": 0, "wins": 0, "pnl": 0.0}
                        session_stats[s_name]["count"] += 1
                        if final_pnl > 0:
                            session_stats[s_name]["wins"] += 1
                        session_stats[s_name]["pnl"] += final_pnl
    
                        self.balance += final_pnl
    
                        # Update Risk Manager History for Kelly
                        self.risk_manager.update_history(trade_record)
    
                        # Notify via Telegram
                        self.notification_manager.notify_trade_close(symbol, trade_record['direction'], trade_record['exit'], final_pnl, result_type)
    
                        # if not quiet:
                        #     pbar.write(f"[{trade_record['exit_time']}] CLOSED {trade_record['direction']} | P&L: ${pnl:>8.2f} | Result: {result_type}")
                        open_trade = None
                        continue
    
                if i % 25 == 0:
                    sl_count = sum(1 for t in trades if t['result'] == 'SL')
                    tp_count = sum(1 for t in trades if t['result'] == 'TP')
                    postfix = {
                        "date": candle_time.strftime('%d-%m-%y'),
                        "balance": f"${self.balance:.0f}",
                        "trade": f"{len(trades)} [sl: {sl_count}, tp: {tp_count}]",
                        "status": "OPEN" if open_trade else "IDLE"
                    }
                    pbar.set_postfix(postfix, refresh=False)
    
                # --- Signal Generation (store as pending for next-candle entry) ---
                if not open_trade and pending_signal is None:
                    # High-Performance Signal Check
                    pre_at_i = m5_precomputed[i]
                    signal, h4_trend, regime_str = self.strategy.analyze(
>                       symbol, h4_slice, h1_slice, m30_slice, m5_slice, bid,
                               ^^^^^^^^
                        d1_candles=d1_candles, session=current_session,
                        preprocessed=pre_at_i
                    )
E                   NameError: name 'h4_slice' is not defined

core\backtester.py:543: NameError
---------------------------- Captured stderr call -----------------------------

BT:XAUUSDm:   0%|[36m          [0m| 0/300 [00:00<?, ?c/s]
BT:XAUUSDm:   0%|[36m          [0m| 0/300 [00:00<?, ?c/s, date=09-01-23, balance=$1000, trade=0 [sl: 0, tp: 0], status=IDLE]
__________________ TestDrawdown.test_no_trades_zero_drawdown __________________

self = <test_backtest.TestDrawdown object at 0x000001F33CEA10D0>

    def test_no_trades_zero_drawdown(self):
>       assert BacktestEngine._calc_drawdown([], 1000) == 0.0
               ^^^^^^^^^^^^^^^^^^^^^^^^^^^^^
E       AttributeError: type object 'BacktestEngine' has no attribute '_calc_drawdown'

tests\test_backtest.py:95: AttributeError
______________________ TestDrawdown.test_simple_drawdown ______________________

self = <test_backtest.TestDrawdown object at 0x000001F33CEA16D0>

    def test_simple_drawdown(self):
        trades = [
            {"pnl": 100, "result": "TP"},   # balance: 1100, peak: 1100
            {"pnl": -200, "result": "SL"},   # balance: 900, dd: (1100-900)/1100 = 18.18%
            {"pnl": 50, "result": "TP"},     # balance: 950
        ]
>       dd = BacktestEngine._calc_drawdown(trades, 1000)
             ^^^^^^^^^^^^^^^^^^^^^^^^^^^^^
E       AttributeError: type object 'BacktestEngine' has no attribute '_calc_drawdown'

tests\test_backtest.py:103: AttributeError
_______________ TestDrawdown.test_no_drawdown_when_only_winning _______________

self = <test_backtest.TestDrawdown object at 0x000001F33CEA1D10>

    def test_no_drawdown_when_only_winning(self):
        trades = [{"pnl": 100, "result": "TP"}, {"pnl": 50, "result": "TP"}]
>       assert BacktestEngine._calc_drawdown(trades, 1000) == 0.0
               ^^^^^^^^^^^^^^^^^^^^^^^^^^^^^
E       AttributeError: type object 'BacktestEngine' has no attribute '_calc_drawdown'

tests\test_backtest.py:108: AttributeError
____________________ TestStreak.test_no_trades_zero_streak ____________________

self = <test_backtest.TestStreak object at 0x000001F33CEA2590>

    def test_no_trades_zero_streak(self):
>       assert BacktestEngine._calc_streak([], "TP") == 0
               ^^^^^^^^^^^^^^^^^^^^^^^^^^^
E       AttributeError: type object 'BacktestEngine' has no attribute '_calc_streak'

tests\test_backtest.py:117: AttributeError
_________________________ TestStreak.test_win_streak __________________________

self = <test_backtest.TestStreak object at 0x000001F33CEA2BD0>

    def test_win_streak(self):
        trades = [
            {"result": "TP"}, {"result": "TP"}, {"result": "TP"},
            {"result": "SL"}, {"result": "TP"},
        ]
>       assert BacktestEngine._calc_streak(trades, "TP") == 3
               ^^^^^^^^^^^^^^^^^^^^^^^^^^^
E       AttributeError: type object 'BacktestEngine' has no attribute '_calc_streak'

tests\test_backtest.py:124: AttributeError
_________________________ TestStreak.test_loss_streak _________________________

self = <test_backtest.TestStreak object at 0x000001F33CEA3210>

    def test_loss_streak(self):
        trades = [
            {"result": "TP"}, {"result": "SL"}, {"result": "SL"},
            {"result": "SL"}, {"result": "SL"}, {"result": "TP"},
        ]
>       assert BacktestEngine._calc_streak(trades, "SL") == 4
               ^^^^^^^^^^^^^^^^^^^^^^^^^^^
E       AttributeError: type object 'BacktestEngine' has no attribute '_calc_streak'

tests\test_backtest.py:131: AttributeError
____________________________ test_connect_success _____________________________

connection = <core.connection.MT5Connection object at 0x000001F33CF9E490>
mock_mt5 = <MagicMock name='mt5' id='2144195998352'>

    def test_connect_success(connection, mock_mt5):
        mock_mt5.initialize.return_value = True
>       assert connection.connect() is True
E       assert False is True
E        +  where False = connect()
E        +    where connect = <core.connection.MT5Connection object at 0x000001F33CF9E490>.connect

tests\test_connection.py:16: AssertionError
------------------------------ Captured log call ------------------------------
ERROR    trading_bot.connection:connection.py:119 Connection exception: '>' not supported between instances of 'MagicMock' and 'int'
Traceback (most recent call last):
  File "C:\xampp\htdocs\trading_bot_v3\core\connection.py", line 113, in connect
    self._update_account_info(info)
  File "C:\xampp\htdocs\trading_bot_v3\core\connection.py", line 202, in _update_account_info
    "margin_level": info.margin_level if info.margin > 0 else 0,
                                         ^^^^^^^^^^^^^^^
TypeError: '>' not supported between instances of 'MagicMock' and 'int'
ERROR    trading_bot.connection:connection.py:119 Connection exception: '>' not supported between instances of 'MagicMock' and 'int'
Traceback (most recent call last):
  File "C:\xampp\htdocs\trading_bot_v3\core\connection.py", line 113, in connect
    self._update_account_info(info)
  File "C:\xampp\htdocs\trading_bot_v3\core\connection.py", line 202, in _update_account_info
    "margin_level": info.margin_level if info.margin > 0 else 0,
                                         ^^^^^^^^^^^^^^^
TypeError: '>' not supported between instances of 'MagicMock' and 'int'
ERROR    trading_bot.connection:connection.py:122 ==================================================
ERROR    trading_bot.connection:connection.py:123 CONNECTION FAILED after 2 attempts
ERROR    trading_bot.connection:connection.py:124 ==================================================
___________________ test_position_manager_has_open_position ___________________

mock_mt5 = <MagicMock name='mt5' id='2144211834192'>

    def test_position_manager_has_open_position(mock_mt5):
        conn = MT5Connection()
        conn.connected = True
        pm = PositionManager(conn)
    
        # Setup mock returns
        mock_pos = MagicMock()
        mock_pos.symbol = "XAUUSDm"
        mock_mt5.positions_get.return_value = [mock_pos]
    
>       assert pm.has_open_position("XAUUSDm") is True
               ^^^^^^^^^^^^^^^^^^^^
E       AttributeError: 'PositionManager' object has no attribute 'has_open_position'

tests\test_connection.py:38: AttributeError
______________________ test_place_order_retries_on_busy _______________________

mock_mt5 = <MagicMock name='mt5' id='2144212728464'>

    def test_place_order_retries_on_busy(mock_mt5):
        conn = MT5Connection(max_retries=2)
        conn.connected = True
        conn.config = {"magic_number": 234000}
        pm = PositionManager(conn)
    
        fail_result = MagicMock()
        fail_result.retcode = 10004 # Requote
    
        success_result = MagicMock()
        success_result.retcode = 10009 # DONE
        success_result.order = 123456
    
        mock_mt5.order_send.side_effect = [fail_result, success_result]
        mock_mt5.symbol_info_tick.return_value = MagicMock(ask=100.0, bid=99.0)
    
>       ticket = pm.place_order("XAUUSDm", "BUY", 0.01, 100.0, 95.0, 105.0)
                 ^^^^^^^^^^^^^^
E       AttributeError: 'PositionManager' object has no attribute 'place_order'

tests\test_connection.py:57: AttributeError
__________________________ test_order_cooldown_logic __________________________

mock_ensure = <MagicMock name='ensure_connected' id='2144232851984'>
mock_connect = <MagicMock name='connect' id='2144211950608'>
mock_place_order = <MagicMock name='place_order' id='2144212046416'>

    @patch('core.connection.MT5Connection.place_order')
    @patch('core.connection.MT5Connection.connect', return_value=True)
    @patch('core.connection.MT5Connection.ensure_connected', return_value=True)
    def test_order_cooldown_logic(mock_ensure, mock_connect, mock_place_order):
        # Setup the bot
>       bot = TradingBot()
              ^^^^^^^^^^^^

tests\test_order_logic.py:18: 
_ _ _ _ _ _ _ _ _ _ _ _ _ _ _ _ _ _ _ _ _ _ _ _ _ _ _ _ _ _ _ _ _ _ _ _ _ _ _ _
main.py:100: in __init__
    self._load_state()
_ _ _ _ _ _ _ _ _ _ _ _ _ _ _ _ _ _ _ _ _ _ _ _ _ _ _ _ _ _ _ _ _ _ _ _ _ _ _ _

self = <main.TradingBot object at 0x000001F33E3C3110>

    def _load_state(self):
>       state = self.state_manager.load(self.state_file)
                ^^^^^^^^^^^^^^^^^^
E       AttributeError: 'TradingBot' object has no attribute 'state_manager'

main.py:126: AttributeError
=========================== short test summary info ===========================
FAILED tests/test_backtest.py::TestBacktestDeterminism::test_deterministic_with_fixed_seed
FAILED tests/test_backtest.py::TestDrawdown::test_no_trades_zero_drawdown - A...
FAILED tests/test_backtest.py::TestDrawdown::test_simple_drawdown - Attribute...
FAILED tests/test_backtest.py::TestDrawdown::test_no_drawdown_when_only_winning
FAILED tests/test_backtest.py::TestStreak::test_no_trades_zero_streak - Attri...
FAILED tests/test_backtest.py::TestStreak::test_win_streak - AttributeError: ...
FAILED tests/test_backtest.py::TestStreak::test_loss_streak - AttributeError:...
FAILED tests/test_connection.py::test_connect_success - assert False is True
FAILED tests/test_connection.py::test_position_manager_has_open_position - At...
FAILED tests/test_connection.py::test_place_order_retries_on_busy - Attribute...
FAILED tests/test_order_logic.py::test_order_cooldown_logic - AttributeError:...
======================= 11 failed, 26 passed in 21.45s ========================
