============================= test session starts =============================
platform win32 -- Python 3.11.9, pytest-9.0.2, pluggy-1.6.0 -- C:\Users\rkreza\AppData\Local\Programs\Python\Python311\python.exe
cachedir: .pytest_cache
hypothesis profile 'default'
rootdir: C:\xampp\htdocs\trading_bot_v3
plugins: anyio-4.12.1, hypothesis-6.151.10, langsmith-0.7.14, typeguard-2.13.3
collecting ... collected 0 items / 1 error

=================================== ERRORS ====================================
_________________ ERROR collecting tests/test_risk_manager.py _________________
ImportError while importing test module 'C:\xampp\htdocs\trading_bot_v3\tests\test_risk_manager.py'.
Hint: make sure your test modules/packages have valid Python names.
Traceback:
C:\Users\rkreza\AppData\Local\Programs\Python\Python311\Lib\importlib\__init__.py:126: in import_module
    return _bootstrap._gcd_import(name[level:], package, level)
           ^^^^^^^^^^^^^^^^^^^^^^^^^^^^^^^^^^^^^^^^^^^^^^^^^^^^
tests\test_risk_manager.py:4: in <module>
    from core.types import BotConfig
E   ModuleNotFoundError: No module named 'core'
=========================== short test summary info ===========================
ERROR tests/test_risk_manager.py
!!!!!!!!!!!!!!!!!!! Interrupted: 1 error during collection !!!!!!!!!!!!!!!!!!!!
============================== 1 error in 0.23s ===============================
