============================= test session starts =============================
platform win32 -- Python 3.11.9, pytest-9.0.2, pluggy-1.6.0 -- C:\Users\rkreza\AppData\Local\Programs\Python\Python311\python.exe
cachedir: .pytest_cache
hypothesis profile 'default'
rootdir: C:\xampp\htdocs\trading_bot_v3
plugins: anyio-4.12.1, hypothesis-6.151.10, langsmith-0.7.14, typeguard-2.13.3
collecting ... collected 5 items

tests/test_risk_manager.py::TestRiskManagerProperties::test_risk_never_exceeds_max FAILED [ 20%]
tests/test_risk_manager.py::TestRiskManagerProperties::test_risk_zero_at_max_drawdown FAILED [ 40%]
tests/test_risk_manager.py::test_circuit_breaker_consecutive_losses PASSED [ 60%]
tests/test_risk_manager.py::test_circuit_breaker_low_margin PASSED       [ 80%]
tests/test_risk_manager.py::test_kelly_zero_on_losing_streak PASSED      [100%]

================================== FAILURES ===================================
____________ TestRiskManagerProperties.test_risk_never_exceeds_max ____________

E   hypothesis.errors.FailedHealthCheck: 'tests/test_risk_manager.py::TestRiskManagerProperties::test_risk_never_exceeds_max' uses a function-scoped fixture 'risk_manager'.
    
    Function-scoped fixtures are not reset between inputs generated by `@given(...)`, which is often surprising and can cause subtle test bugs.
    
    If you were expecting the fixture to run separately for each generated input, then unfortunately you will need to find a different way to achieve your goal (for example, replacing the fixture with a similar context manager inside of the test).
    
    If you are confident that your test will work correctly even though the fixture is not reset between generated inputs, you can suppress this health check with @settings(suppress_health_check=[HealthCheck.function_scoped_fixture]). See https://hypothesis.readthedocs.io/en/latest/reference/api.html#hypothesis.HealthCheck for details.
All traceback entries are hidden. Pass `--full-trace` to see hidden and internal frames.
__________ TestRiskManagerProperties.test_risk_zero_at_max_drawdown ___________

E   hypothesis.errors.FailedHealthCheck: 'tests/test_risk_manager.py::TestRiskManagerProperties::test_risk_zero_at_max_drawdown' uses a function-scoped fixture 'risk_manager'.
    
    Function-scoped fixtures are not reset between inputs generated by `@given(...)`, which is often surprising and can cause subtle test bugs.
    
    If you were expecting the fixture to run separately for each generated input, then unfortunately you will need to find a different way to achieve your goal (for example, replacing the fixture with a similar context manager inside of the test).
    
    If you are confident that your test will work correctly even though the fixture is not reset between generated inputs, you can suppress this health check with @settings(suppress_health_check=[HealthCheck.function_scoped_fixture]). See https://hypothesis.readthedocs.io/en/latest/reference/api.html#hypothesis.HealthCheck for details.
All traceback entries are hidden. Pass `--full-trace` to see hidden and internal frames.
============================== warnings summary ===============================
core\types.py:74
  c:\xampp\htdocs\trading_bot_v3\core\types.py:74: PydanticDeprecatedSince20: Support for class-based `config` is deprecated, use ConfigDict instead. Deprecated in Pydantic V2.0 to be removed in V3.0. See Pydantic V2 Migration Guide at https://errors.pydantic.dev/2.12/migration/
    class BotConfig(BaseModel):

-- Docs: https://docs.pytest.org/en/stable/how-to/capture-warnings.html
=========================== short test summary info ===========================
FAILED tests/test_risk_manager.py::TestRiskManagerProperties::test_risk_never_exceeds_max
FAILED tests/test_risk_manager.py::TestRiskManagerProperties::test_risk_zero_at_max_drawdown
=================== 2 failed, 3 passed, 1 warning in 0.43s ====================
