============================= test session starts =============================
platform win32 -- Python 3.11.9, pytest-9.0.2, pluggy-1.6.0 -- C:\Users\rkreza\AppData\Local\Programs\Python\Python311\python.exe
cachedir: .pytest_cache
hypothesis profile 'default'
rootdir: C:\xampp\htdocs\trading_bot_v3
plugins: anyio-4.12.1, hypothesis-6.151.10, langsmith-0.7.14, typeguard-2.13.3
collecting ... collected 3 items

tests/test_data_fetcher.py::test_cache_miss_fetches_from_mt5 PASSED      [ 33%]
tests/test_data_fetcher.py::test_cache_hit_returns_cached_array PASSED   [ 66%]
tests/test_data_fetcher.py::test_incremental_fetch_merges_data FAILED    [100%]

================================== FAILURES ===================================
_____________________ test_incremental_fetch_merges_data ______________________

data_fetcher = <core.data_fetcher.DataFetcher object at 0x00000179EE81CC10>
mock_mt5 = <MagicMock name='mt5' id='1623204167184'>

    def test_incremental_fetch_merges_data(data_fetcher, mock_mt5):
        # Base cache (1 candle)
        data_fetcher._cache["XAUUSDm_H1"] = {
            "timestamp": time.time() - 3600, # Expired TTL
            "data": [{'time': 1000, 'open': 1.0, 'high': 2.0, 'low': 0.5, 'close': 1.5, 'tick_volume': 10}],
            "array": None
        }
    
        mock_mt5.symbol_select.return_value = True
    
        import pandas as pd
        df_mock = pd.DataFrame([
            {'time': 2000, 'open': 1.5, 'high': 3.0, 'low': 1.0, 'close': 2.5, 'tick_volume': 20}
        ])
    
        with patch("pandas.DataFrame", return_value=df_mock):
            # Even if we request 2, if cache has 1, the code only fetches 10 for incremental
            candles = data_fetcher.fetch_candles("XAUUSDm", "H1", count=2)
    
            # Original 1000 + New 2000 = 2 candles
>           assert len(candles) == 2
                   ^^^^^^^^^^^^
E           TypeError: object of type 'NoneType' has no len()

tests\test_data_fetcher.py:73: TypeError
------------------------------ Captured log call ------------------------------
WARNING  trading_bot.data:data_fetcher.py:115 XAUUSDm H1: Full history (2) not available. Retrying with half...
=========================== short test summary info ===========================
FAILED tests/test_data_fetcher.py::test_incremental_fetch_merges_data - TypeE...
========================= 1 failed, 2 passed in 0.41s =========================
